\BOOKMARK [0][-]{chapter*.2}{\376\377\000G\000l\000o\000s\000s\000a\000r\000y}{}% 1
\BOOKMARK [0][-]{chapter*.4}{\376\377\000A\000c\000k\000n\000o\000w\000l\000e\000d\000g\000e\000m\000e\000n\000t\000s}{}% 2
\BOOKMARK [0][-]{chapter.1}{\376\377\000I\000n\000t\000r\000o\000d\000u\000c\000t\000i\000o\000n}{}% 3
\BOOKMARK [1][-]{section.1.1}{\376\377\000B\000a\000c\000k\000g\000r\000o\000u\000n\000d}{chapter.1}% 4
\BOOKMARK [1][-]{section.1.2}{\376\377\000A\000i\000m}{chapter.1}% 5
\BOOKMARK [1][-]{section.1.3}{\376\377\000O\000b\000j\000e\000c\000t\000i\000v\000e\000s}{chapter.1}% 6
\BOOKMARK [1][-]{section.1.4}{\376\377\000P\000r\000o\000d\000u\000c\000t\000\040\000O\000v\000e\000r\000v\000i\000e\000w}{chapter.1}% 7
\BOOKMARK [2][-]{subsection.1.4.1}{\376\377\000S\000c\000o\000p\000e}{section.1.4}% 8
\BOOKMARK [2][-]{subsection.1.4.2}{\376\377\000A\000u\000d\000i\000e\000n\000c\000e}{section.1.4}% 9
\BOOKMARK [0][-]{chapter.2}{\376\377\000B\000a\000c\000k\000g\000r\000o\000u\000n\000d\000\040\000R\000e\000v\000i\000e\000w}{}% 10
\BOOKMARK [1][-]{section.2.1}{\376\377\000E\000x\000i\000s\000t\000i\000n\000g\000\040\000a\000p\000p\000r\000o\000a\000c\000h\000e\000s}{chapter.2}% 11
\BOOKMARK [1][-]{section.2.2}{\376\377\000R\000e\000l\000a\000t\000e\000d\000\040\000L\000i\000t\000e\000r\000a\000t\000u\000r\000e}{chapter.2}% 12
\BOOKMARK [2][-]{subsection.2.2.1}{\376\377\000O\000r\000i\000g\000i\000n\000a\000l\000i\000t\000y}{section.2.2}% 13
\BOOKMARK [0][-]{chapter.3}{\376\377\000M\000e\000t\000h\000o\000d\000o\000l\000o\000g\000y}{}% 14
\BOOKMARK [1][-]{section.3.1}{\376\377\000A\000p\000p\000l\000i\000c\000a\000t\000i\000o\000n\000\040\000o\000f\000\040\000A\000g\000i\000l\000e\000\040\000M\000e\000t\000h\000o\000d\000o\000l\000o\000g\000y}{chapter.3}% 15
\BOOKMARK [1][-]{section.3.2}{\376\377\000I\000t\000e\000r\000a\000t\000i\000o\000n\000\040\000B\000r\000e\000a\000k\000d\000o\000w\000n}{chapter.3}% 16
\BOOKMARK [1][-]{section.3.3}{\376\377\000P\000e\000o\000p\000l\000e\000\040\000I\000n\000v\000o\000l\000v\000e\000d}{chapter.3}% 17
\BOOKMARK [0][-]{chapter.4}{\376\377\000T\000e\000c\000h\000n\000o\000l\000o\000g\000y}{}% 18
\BOOKMARK [1][-]{section.4.1}{\376\377\000I\000m\000p\000l\000e\000m\000e\000n\000t\000a\000t\000i\000o\000n\000\040\000T\000o\000o\000l\000s\000\040\000a\000n\000d\000\040\000R\000e\000s\000o\000u\000r\000c\000e\000s}{chapter.4}% 19
\BOOKMARK [1][-]{section.4.2}{\376\377\000W\000o\000r\000k\000s\000p\000a\000c\000e}{chapter.4}% 20
\BOOKMARK [2][-]{subsection.4.2.1}{\376\377\000O\000B\000R\000A\000\040\000W\000S}{section.4.2}% 21
\BOOKMARK [2][-]{subsection.4.2.2}{\376\377\000A\000D\000S\000-\000w\000s\000g\000r\000a\000p\000h}{section.4.2}% 22
\BOOKMARK [2][-]{subsection.4.2.3}{\376\377\000P\000e\000r\000c\000e\000p\000t\000i\000o\000n}{section.4.2}% 23
\BOOKMARK [2][-]{subsection.4.2.4}{\376\377\000L\000o\000c\000a\000l\000i\000s\000a\000t\000i\000o\000n\000\040\000\046\000\040\000M\000a\000p\000p\000i\000n\000g}{section.4.2}% 24
\BOOKMARK [2][-]{subsection.4.2.5}{\376\377\000P\000a\000t\000h\000\040\000P\000l\000a\000n\000n\000i\000n\000g}{section.4.2}% 25
\BOOKMARK [2][-]{subsection.4.2.6}{\376\377\000C\000o\000n\000t\000r\000o\000l}{section.4.2}% 26
\BOOKMARK [2][-]{subsection.4.2.7}{\376\377\000H\000a\000r\000d\000w\000a\000r\000e\000\040\000a\000n\000d\000\040\000S\000e\000n\000s\000o\000r\000s}{section.4.2}% 27
\BOOKMARK [1][-]{section.4.3}{\376\377\000S\000i\000m\000u\000l\000a\000t\000i\000o\000n\000\040\000a\000n\000d\000\040\000T\000e\000s\000t\000i\000n\000g\000\040\000T\000o\000o\000l\000s}{chapter.4}% 28
\BOOKMARK [0][-]{chapter.5}{\376\377\000S\000y\000s\000t\000e\000m\000\040\000C\000o\000d\000e\000\040\000I\000m\000p\000l\000e\000m\000e\000n\000t\000a\000t\000i\000o\000n}{}% 29
\BOOKMARK [1][-]{section.5.1}{\376\377\000P\000a\000t\000h\000\040\000P\000l\000a\000n\000n\000i\000n\000g\000\040\000F\000o\000l\000d\000e\000r\000\040\000S\000t\000r\000u\000c\000t\000u\000r\000e}{chapter.5}% 30
\BOOKMARK [2][-]{subsection.5.1.1}{\376\377\000L\000o\000c\000a\000l\000\040\000P\000l\000a\000n\000n\000e\000r\000\040\000\050\000l\000o\000c\000a\000l\000\137\000p\000l\000a\000n\000n\000e\000r\000.\000p\000y\000\051}{section.5.1}% 31
\BOOKMARK [2][-]{subsection.5.1.2}{\376\377\000S\000t\000a\000t\000e\000\040\000M\000a\000n\000a\000g\000e\000m\000e\000n\000t\000\040\000\050\000n\000e\000w\000\137\000s\000t\000a\000t\000e\000s\000.\000p\000y\000\051}{section.5.1}% 32
\BOOKMARK [2][-]{subsection.5.1.3}{\376\377\000U\000t\000i\000l\000i\000t\000y\000\040\000F\000u\000n\000c\000t\000i\000o\000n\000s\000\040\000\050\000u\000t\000i\000l\000s\000.\000p\000y\000\051}{section.5.1}% 33
\BOOKMARK [1][-]{section.5.2}{\376\377\000I\000n\000i\000t\000i\000a\000l\000\040\000P\000a\000t\000h\000\040\000P\000l\000a\000n\000n\000e\000r\000:\000\040\000O\000l\000d\000\040\000D\000e\000l\000a\000u\000n\000a\000y\000\040\000I\000m\000p\000l\000e\000m\000e\000n\000t\000a\000t\000i\000o\000n}{chapter.5}% 34
\BOOKMARK [1][-]{section.5.3}{\376\377\000D\000e\000l\000a\000u\000n\000a\000y\000\040\000P\000a\000t\000h\000\040\000P\000l\000a\000n\000n\000e\000r\000\040\000O\000p\000t\000i\000m\000i\000s\000a\000t\000i\000o\000n\000\040\000a\000n\000d\000\040\000R\000e\000w\000r\000i\000t\000i\000n\000g}{chapter.5}% 35
\BOOKMARK [2][-]{subsection.5.3.1}{\376\377\000S\000t\000r\000u\000c\000t\000u\000r\000a\000l\000\040\000S\000i\000m\000p\000l\000i\000f\000i\000c\000a\000t\000i\000o\000n}{section.5.3}% 36
\BOOKMARK [2][-]{subsection.5.3.2}{\376\377\000E\000f\000f\000i\000c\000i\000e\000n\000t\000\040\000M\000i\000d\000p\000o\000i\000n\000t\000\040\000C\000a\000l\000c\000u\000l\000a\000t\000i\000o\000n}{section.5.3}% 37
\BOOKMARK [2][-]{subsection.5.3.3}{\376\377\000E\000n\000h\000a\000n\000c\000e\000d\000\040\000C\000o\000n\000e\000\040\000C\000l\000u\000s\000t\000e\000r\000i\000n\000g\000\040\000f\000o\000r\000\040\000S\000m\000o\000o\000t\000h\000e\000r\000\040\000P\000a\000t\000h\000s}{section.5.3}% 38
\BOOKMARK [2][-]{subsection.5.3.4}{\376\377\000C\000o\000m\000p\000a\000r\000i\000s\000o\000n\000\040\000o\000f\000\040\000O\000l\000d\000\040\000v\000s\000.\000\040\000N\000e\000w\000\040\000I\000m\000p\000l\000e\000m\000e\000n\000t\000a\000t\000i\000o\000n}{section.5.3}% 39
\BOOKMARK [1][-]{section.5.4}{\376\377\000D\000e\000v\000e\000l\000o\000p\000m\000e\000n\000t\000\040\000o\000f\000\040\000R\000R\000T\000*}{chapter.5}% 40
\BOOKMARK [2][-]{subsection.5.4.1}{\376\377\000M\000o\000t\000i\000v\000a\000t\000i\000o\000n\000\040\000f\000o\000r\000\040\000S\000w\000i\000t\000c\000h\000i\000n\000g\000\040\000f\000r\000o\000m\000\040\000D\000e\000l\000a\000u\000n\000a\000y\000\040\000t\000o\000\040\000R\000R\000T\000*}{section.5.4}% 41
\BOOKMARK [2][-]{subsection.5.4.2}{\376\377\000R\000R\000T\000\040\000v\000s\000.\000\040\000R\000R\000T\000*\000:\000\040\000K\000e\000y\000\040\000D\000i\000f\000f\000e\000r\000e\000n\000c\000e\000s}{section.5.4}% 42
\BOOKMARK [2][-]{subsection.5.4.3}{\376\377\000I\000n\000i\000t\000i\000a\000l\000\040\000R\000R\000T\000*\000\040\000P\000l\000a\000n\000n\000e\000r\000:\000\040\000C\000e\000n\000t\000e\000r\000l\000i\000n\000e\000\040\000T\000r\000a\000j\000e\000c\000t\000o\000r\000y}{section.5.4}% 43
\BOOKMARK [2][-]{subsection.5.4.4}{\376\377\000F\000i\000n\000a\000l\000\040\000R\000R\000T\000*\000\040\000P\000l\000a\000n\000n\000e\000r\000:\000\040\000F\000a\000s\000t\000e\000s\000t\000\040\000T\000r\000a\000j\000e\000c\000t\000o\000r\000y}{section.5.4}% 44
\BOOKMARK [2][-]{subsection.5.4.5}{\376\377\000F\000i\000n\000a\000l\000\040\000C\000o\000n\000s\000i\000d\000e\000r\000a\000t\000i\000o\000n\000s}{section.5.4}% 45
\BOOKMARK [1][-]{section.5.5}{\376\377\000V\000e\000r\000s\000i\000o\000n\000\040\000M\000a\000n\000a\000g\000e\000m\000e\000n\000t}{chapter.5}% 46
\BOOKMARK [0][-]{chapter.6}{\376\377\000T\000e\000s\000t\000i\000n\000g\000\040\000a\000n\000d\000\040\000E\000v\000a\000l\000u\000a\000t\000i\000o\000n}{}% 47
\BOOKMARK [1][-]{section.6.1}{\376\377\000R\000e\000s\000u\000l\000t\000s\000\040\000a\000n\000d\000\040\000T\000e\000s\000t\000i\000n\000g}{chapter.6}% 48
\BOOKMARK [2][-]{subsection.6.1.1}{\376\377\000R\000e\000s\000u\000l\000t\000s\000\040\000a\000n\000d\000\040\000T\000e\000s\000t\000i\000n\000g\000,\000\040\000T\000e\000s\000t\000\040\0001}{section.6.1}% 49
\BOOKMARK [2][-]{subsection.6.1.2}{\376\377\000R\000e\000s\000u\000l\000t\000s\000\040\000a\000n\000d\000\040\000T\000e\000s\000t\000i\000n\000g\000,\000\040\000T\000e\000s\000t\000\040\0002}{section.6.1}% 50
\BOOKMARK [1][-]{section.6.2}{\376\377\000D\000i\000s\000c\000u\000s\000s\000i\000o\000n}{chapter.6}% 51
\BOOKMARK [2][-]{subsection.6.2.1}{\376\377\000D\000i\000s\000c\000u\000s\000s\000i\000o\000n\000,\000\040\000T\000e\000s\000t\000\040\0001}{section.6.2}% 52
\BOOKMARK [2][-]{subsection.6.2.2}{\376\377\000D\000i\000s\000c\000u\000s\000s\000i\000o\000n\000,\000\040\000T\000e\000s\000t\000\040\0002}{section.6.2}% 53
\BOOKMARK [1][-]{section.6.3}{\376\377\000I\000s\000s\000u\000e\000s\000\040\000E\000n\000c\000o\000u\000n\000t\000e\000r\000e\000d}{chapter.6}% 54
\BOOKMARK [2][-]{subsection.6.3.1}{\376\377\000L\000i\000m\000i\000t\000a\000t\000i\000o\000n\000s}{section.6.3}% 55
\BOOKMARK [2][-]{subsection.6.3.2}{\376\377\000C\000o\000n\000s\000t\000r\000a\000i\000n\000t\000s}{section.6.3}% 56
\BOOKMARK [0][-]{chapter.7}{\376\377\000P\000r\000o\000f\000e\000s\000s\000i\000o\000n\000a\000l\000i\000s\000m}{}% 57
\BOOKMARK [1][-]{section.7.1}{\376\377\000P\000r\000o\000j\000e\000c\000t\000\040\000M\000a\000n\000a\000g\000e\000m\000e\000n\000t}{chapter.7}% 58
\BOOKMARK [1][-]{section.7.2}{\376\377\000R\000i\000s\000k\000\040\000A\000n\000a\000l\000y\000s\000i\000s}{chapter.7}% 59
\BOOKMARK [1][-]{section.7.3}{\376\377\000P\000r\000o\000f\000e\000s\000s\000i\000o\000n\000a\000l\000i\000s\000m}{chapter.7}% 60
\BOOKMARK [0][-]{chapter.8}{\376\377\000C\000o\000n\000c\000l\000u\000s\000i\000o\000n\000\040\000a\000n\000d\000\040\000F\000u\000t\000u\000r\000e\000\040\000W\000o\000r\000k}{}% 61
\BOOKMARK [0][-]{section*.26}{\376\377\000B\000i\000b\000l\000i\000o\000g\000r\000a\000p\000h\000y}{}% 62
\BOOKMARK [0][-]{chapter*.28}{\376\377\000A\000p\000p\000e\000n\000d\000i\000c\000e\000s}{}% 63
