This is pdfTeX, Version 3.141592653-2.6-1.40.22 (TeX Live 2022/dev/Debian) (preloaded format=pdflatex 2025.3.20)  30 MAR 2025 12:58
entering extended mode
 restricted \write18 enabled.
 file:line:error style messages enabled.
 %&-line parsing enabled.
**/home/ubunturodri/Documentos/Final-Year-Computer-Science-Dissertation-main/FirstVersion.tex
(/home/ubunturodri/Documentos/Final-Year-Computer-Science-Dissertation-main/FirstVersion.tex
LaTeX2e <2021-11-15> patch level 1
L3 programming layer <2022-01-21> (/usr/share/texlive/texmf-dist/tex/latex/base/report.cls
Document Class: report 2021/10/04 v1.4n Standard LaTeX document class
(/usr/share/texlive/texmf-dist/tex/latex/base/size11.clo
File: size11.clo 2021/10/04 v1.4n Standard LaTeX file (size option)
)
\c@part=\count185
\c@chapter=\count186
\c@section=\count187
\c@subsection=\count188
\c@subsubsection=\count189
\c@paragraph=\count190
\c@subparagraph=\count191
\c@figure=\count192
\c@table=\count193
\abovecaptionskip=\skip47
\belowcaptionskip=\skip48
\bibindent=\dimen138
) (/usr/share/texlive/texmf-dist/tex/latex/base/inputenc.sty
Package: inputenc 2021/02/14 v1.3d Input encoding file
\inpenc@prehook=\toks16
\inpenc@posthook=\toks17
) (/usr/share/texlive/texmf-dist/tex/latex/base/fontenc.sty
Package: fontenc 2021/04/29 v2.0v Standard LaTeX package
) (/usr/share/texlive/texmf-dist/tex/latex/graphics/graphicx.sty
Package: graphicx 2021/09/16 v1.2d Enhanced LaTeX Graphics (DPC,SPQR)
 (/usr/share/texlive/texmf-dist/tex/latex/graphics/keyval.sty
Package: keyval 2014/10/28 v1.15 key=value parser (DPC)
\KV@toks@=\toks18
) (/usr/share/texlive/texmf-dist/tex/latex/graphics/graphics.sty
Package: graphics 2021/03/04 v1.4d Standard LaTeX Graphics (DPC,SPQR)
 (/usr/share/texlive/texmf-dist/tex/latex/graphics/trig.sty
Package: trig 2021/08/11 v1.11 sin cos tan (DPC)
) (/usr/share/texlive/texmf-dist/tex/latex/graphics-cfg/graphics.cfg
File: graphics.cfg 2016/06/04 v1.11 sample graphics configuration
)
Package graphics Info: Driver file: pdftex.def on input line 107.
 (/usr/share/texlive/texmf-dist/tex/latex/graphics-def/pdftex.def
File: pdftex.def 2020/10/05 v1.2a Graphics/color driver for pdftex
))
\Gin@req@height=\dimen139
\Gin@req@width=\dimen140
) (/usr/share/texlive/texmf-dist/tex/latex/hyperref/hyperref.sty
Package: hyperref 2021-06-07 v7.00m Hypertext links for LaTeX
 (/usr/share/texlive/texmf-dist/tex/generic/ltxcmds/ltxcmds.sty
Package: ltxcmds 2020-05-10 v1.25 LaTeX kernel commands for general use (HO)
) (/usr/share/texlive/texmf-dist/tex/generic/iftex/iftex.sty
Package: iftex 2020/03/06 v1.0d TeX engine tests
) (/usr/share/texlive/texmf-dist/tex/generic/pdftexcmds/pdftexcmds.sty
Package: pdftexcmds 2020-06-27 v0.33 Utility functions of pdfTeX for LuaTeX (HO)
 (/usr/share/texlive/texmf-dist/tex/generic/infwarerr/infwarerr.sty
Package: infwarerr 2019/12/03 v1.5 Providing info/warning/error messages (HO)
)
Package pdftexcmds Info: \pdf@primitive is available.
Package pdftexcmds Info: \pdf@ifprimitive is available.
Package pdftexcmds Info: \pdfdraftmode found.
) (/usr/share/texlive/texmf-dist/tex/generic/kvsetkeys/kvsetkeys.sty
Package: kvsetkeys 2019/12/15 v1.18 Key value parser (HO)
) (/usr/share/texlive/texmf-dist/tex/generic/kvdefinekeys/kvdefinekeys.sty
Package: kvdefinekeys 2019-12-19 v1.6 Define keys (HO)
) (/usr/share/texlive/texmf-dist/tex/generic/pdfescape/pdfescape.sty
Package: pdfescape 2019/12/09 v1.15 Implements pdfTeX's escape features (HO)
) (/usr/share/texlive/texmf-dist/tex/latex/hycolor/hycolor.sty
Package: hycolor 2020-01-27 v1.10 Color options for hyperref/bookmark (HO)
) (/usr/share/texlive/texmf-dist/tex/latex/letltxmacro/letltxmacro.sty
Package: letltxmacro 2019/12/03 v1.6 Let assignment for LaTeX macros (HO)
) (/usr/share/texlive/texmf-dist/tex/latex/auxhook/auxhook.sty
Package: auxhook 2019-12-17 v1.6 Hooks for auxiliary files (HO)
) (/usr/share/texlive/texmf-dist/tex/latex/kvoptions/kvoptions.sty
Package: kvoptions 2020-10-07 v3.14 Key value format for package options (HO)
)
\@linkdim=\dimen141
\Hy@linkcounter=\count194
\Hy@pagecounter=\count195
 (/usr/share/texlive/texmf-dist/tex/latex/hyperref/pd1enc.def
File: pd1enc.def 2021-06-07 v7.00m Hyperref: PDFDocEncoding definition (HO)
Now handling font encoding PD1 ...
... no UTF-8 mapping file for font encoding PD1
) (/usr/share/texlive/texmf-dist/tex/latex/hyperref/hyperref-langpatches.def
File: hyperref-langpatches.def 2021-06-07 v7.00m Hyperref: patches for babel languages
) (/usr/share/texlive/texmf-dist/tex/generic/intcalc/intcalc.sty
Package: intcalc 2019/12/15 v1.3 Expandable calculations with integers (HO)
) (/usr/share/texlive/texmf-dist/tex/generic/etexcmds/etexcmds.sty
Package: etexcmds 2019/12/15 v1.7 Avoid name clashes with e-TeX commands (HO)
)
\Hy@SavedSpaceFactor=\count196
 (/usr/share/texlive/texmf-dist/tex/latex/hyperref/puenc.def
File: puenc.def 2021-06-07 v7.00m Hyperref: PDF Unicode definition (HO)
Now handling font encoding PU ...
... no UTF-8 mapping file for font encoding PU
)
Package hyperref Info: Hyper figures OFF on input line 4192.
Package hyperref Info: Link nesting OFF on input line 4197.
Package hyperref Info: Hyper index ON on input line 4200.
Package hyperref Info: Plain pages OFF on input line 4207.
Package hyperref Info: Backreferencing OFF on input line 4212.
Package hyperref Info: Implicit mode ON; LaTeX internals redefined.
Package hyperref Info: Bookmarks ON on input line 4445.
\c@Hy@tempcnt=\count197
 (/usr/share/texlive/texmf-dist/tex/latex/url/url.sty
\Urlmuskip=\muskip16
Package: url 2013/09/16  ver 3.4  Verb mode for urls, etc.
)
LaTeX Info: Redefining \url on input line 4804.
\XeTeXLinkMargin=\dimen142
 (/usr/share/texlive/texmf-dist/tex/generic/bitset/bitset.sty
Package: bitset 2019/12/09 v1.3 Handle bit-vector datatype (HO)
 (/usr/share/texlive/texmf-dist/tex/generic/bigintcalc/bigintcalc.sty
Package: bigintcalc 2019/12/15 v1.5 Expandable calculations on big integers (HO)
))
\Fld@menulength=\count198
\Field@Width=\dimen143
\Fld@charsize=\dimen144
Package hyperref Info: Hyper figures OFF on input line 6076.
Package hyperref Info: Link nesting OFF on input line 6081.
Package hyperref Info: Hyper index ON on input line 6084.
Package hyperref Info: backreferencing OFF on input line 6091.
Package hyperref Info: Link coloring OFF on input line 6096.
Package hyperref Info: Link coloring with OCG OFF on input line 6101.
Package hyperref Info: PDF/A mode OFF on input line 6106.
LaTeX Info: Redefining \ref on input line 6146.
LaTeX Info: Redefining \pageref on input line 6150.
 (/usr/share/texlive/texmf-dist/tex/latex/base/atbegshi-ltx.sty
Package: atbegshi-ltx 2021/01/10 v1.0c Emulation of the original atbegshi
package with kernel methods
)
\Hy@abspage=\count199
\c@Item=\count266
\c@Hfootnote=\count267
)
Package hyperref Info: Driver (autodetected): hpdftex.
 (/usr/share/texlive/texmf-dist/tex/latex/hyperref/hpdftex.def
File: hpdftex.def 2021-06-07 v7.00m Hyperref driver for pdfTeX
 (/usr/share/texlive/texmf-dist/tex/latex/base/atveryend-ltx.sty
Package: atveryend-ltx 2020/08/19 v1.0a Emulation of the original atveryend package
with kernel methods
)
\Fld@listcount=\count268
\c@bookmark@seq@number=\count269
 (/usr/share/texlive/texmf-dist/tex/latex/rerunfilecheck/rerunfilecheck.sty
Package: rerunfilecheck 2019/12/05 v1.9 Rerun checks for auxiliary files (HO)
 (/usr/share/texlive/texmf-dist/tex/generic/uniquecounter/uniquecounter.sty
Package: uniquecounter 2019/12/15 v1.4 Provide unlimited unique counter (HO)
)
Package uniquecounter Info: New unique counter `rerunfilecheck' on input line 286.
)
\Hy@SectionHShift=\skip49
) (/usr/share/texlive/texmf-dist/tex/latex/amsmath/amsmath.sty
Package: amsmath 2021/10/15 v2.17l AMS math features
\@mathmargin=\skip50

For additional information on amsmath, use the `?' option.
(/usr/share/texlive/texmf-dist/tex/latex/amsmath/amstext.sty
Package: amstext 2021/08/26 v2.01 AMS text
 (/usr/share/texlive/texmf-dist/tex/latex/amsmath/amsgen.sty
File: amsgen.sty 1999/11/30 v2.0 generic functions
\@emptytoks=\toks19
\ex@=\dimen145
)) (/usr/share/texlive/texmf-dist/tex/latex/amsmath/amsbsy.sty
Package: amsbsy 1999/11/29 v1.2d Bold Symbols
\pmbraise@=\dimen146
) (/usr/share/texlive/texmf-dist/tex/latex/amsmath/amsopn.sty
Package: amsopn 2021/08/26 v2.02 operator names
)
\inf@bad=\count270
LaTeX Info: Redefining \frac on input line 234.
\uproot@=\count271
\leftroot@=\count272
LaTeX Info: Redefining \overline on input line 399.
\classnum@=\count273
\DOTSCASE@=\count274
LaTeX Info: Redefining \ldots on input line 496.
LaTeX Info: Redefining \dots on input line 499.
LaTeX Info: Redefining \cdots on input line 620.
\Mathstrutbox@=\box50
\strutbox@=\box51
\big@size=\dimen147
LaTeX Font Info:    Redeclaring font encoding OML on input line 743.
LaTeX Font Info:    Redeclaring font encoding OMS on input line 744.
\macc@depth=\count275
\c@MaxMatrixCols=\count276
\dotsspace@=\muskip17
\c@parentequation=\count277
\dspbrk@lvl=\count278
\tag@help=\toks20
\row@=\count279
\column@=\count280
\maxfields@=\count281
\andhelp@=\toks21
\eqnshift@=\dimen148
\alignsep@=\dimen149
\tagshift@=\dimen150
\tagwidth@=\dimen151
\totwidth@=\dimen152
\lineht@=\dimen153
\@envbody=\toks22
\multlinegap=\skip51
\multlinetaggap=\skip52
\mathdisplay@stack=\toks23
LaTeX Info: Redefining \[ on input line 2938.
LaTeX Info: Redefining \] on input line 2939.
) (/usr/share/texlive/texmf-dist/tex/latex/amsfonts/amssymb.sty
Package: amssymb 2013/01/14 v3.01 AMS font symbols
 (/usr/share/texlive/texmf-dist/tex/latex/amsfonts/amsfonts.sty
Package: amsfonts 2013/01/14 v3.01 Basic AMSFonts support
\symAMSa=\mathgroup4
\symAMSb=\mathgroup5
LaTeX Font Info:    Redeclaring math symbol \hbar on input line 98.
LaTeX Font Info:    Overwriting math alphabet `\mathfrak' in version `bold'
(Font)                  U/euf/m/n --> U/euf/b/n on input line 106.
)) (/usr/share/texlive/texmf-dist/tex/latex/natbib/natbib.sty
Package: natbib 2010/09/13 8.31b (PWD, AO)
\bibhang=\skip53
\bibsep=\skip54
LaTeX Info: Redefining \cite on input line 694.
\c@NAT@ctr=\count282
) (/usr/share/texlive/texmf-dist/tex/latex/listings/listings.sty
\lst@mode=\count283
\lst@gtempboxa=\box52
\lst@token=\toks24
\lst@length=\count284
\lst@currlwidth=\dimen154
\lst@column=\count285
\lst@pos=\count286
\lst@lostspace=\dimen155
\lst@width=\dimen156
\lst@newlines=\count287
\lst@lineno=\count288
\lst@maxwidth=\dimen157
 (/usr/share/texlive/texmf-dist/tex/latex/listings/lstmisc.sty
File: lstmisc.sty 2020/03/24 1.8d (Carsten Heinz)
\c@lstnumber=\count289
\lst@skipnumbers=\count290
\lst@framebox=\box53
) (/usr/share/texlive/texmf-dist/tex/latex/listings/listings.cfg
File: listings.cfg 2020/03/24 1.8d listings configuration
))
Package: listings 2020/03/24 1.8d (Carsten Heinz)
 (/usr/share/texlive/texmf-dist/tex/latex/geometry/geometry.sty
Package: geometry 2020/01/02 v5.9 Page Geometry
 (/usr/share/texlive/texmf-dist/tex/generic/iftex/ifvtex.sty
Package: ifvtex 2019/10/25 v1.7 ifvtex legacy package. Use iftex instead.
)
\Gm@cnth=\count291
\Gm@cntv=\count292
\c@Gm@tempcnt=\count293
\Gm@bindingoffset=\dimen158
\Gm@wd@mp=\dimen159
\Gm@odd@mp=\dimen160
\Gm@even@mp=\dimen161
\Gm@layoutwidth=\dimen162
\Gm@layoutheight=\dimen163
\Gm@layouthoffset=\dimen164
\Gm@layoutvoffset=\dimen165
\Gm@dimlist=\toks25
) (/usr/share/texlive/texmf-dist/tex/latex/float/float.sty
Package: float 2001/11/08 v1.3d Float enhancements (AL)
\c@float@type=\count294
\float@exts=\toks26
\float@box=\box54
\@float@everytoks=\toks27
\@floatcapt=\box55
) (/usr/share/texlive/texmf-dist/tex/latex/caption/caption.sty
Package: caption 2020/10/26 v3.5g Customizing captions (AR)
 (/usr/share/texlive/texmf-dist/tex/latex/caption/caption3.sty
Package: caption3 2020/10/21 v2.2e caption3 kernel (AR)
\captionmargin=\dimen166
\captionmargin@=\dimen167
\captionwidth=\dimen168
\caption@tempdima=\dimen169
\caption@indent=\dimen170
\caption@parindent=\dimen171
\caption@hangindent=\dimen172
Package caption Info: Standard document class detected.
)
\c@caption@flags=\count295
\c@continuedfloat=\count296
Package caption Info: float package is loaded.
Package caption Info: hyperref package is loaded.
Package caption Info: listings package is loaded.
) (/usr/share/texlive/texmf-dist/tex/latex/titlesec/titlesec.sty
Package: titlesec 2021/07/05 v2.14 Sectioning titles
\ttl@box=\box56
\beforetitleunit=\skip55
\aftertitleunit=\skip56
\ttl@plus=\dimen173
\ttl@minus=\dimen174
\ttl@toksa=\toks28
\titlewidth=\dimen175
\titlewidthlast=\dimen176
\titlewidthfirst=\dimen177
) (/usr/share/texlive/texmf-dist/tex/latex/booktabs/booktabs.sty
Package: booktabs 2020/01/12 v1.61803398 Publication quality tables
\heavyrulewidth=\dimen178
\lightrulewidth=\dimen179
\cmidrulewidth=\dimen180
\belowrulesep=\dimen181
\belowbottomsep=\dimen182
\aboverulesep=\dimen183
\abovetopsep=\dimen184
\cmidrulesep=\dimen185
\cmidrulekern=\dimen186
\defaultaddspace=\dimen187
\@cmidla=\count297
\@cmidlb=\count298
\@aboverulesep=\dimen188
\@belowrulesep=\dimen189
\@thisruleclass=\count299
\@lastruleclass=\count300
\@thisrulewidth=\dimen190
)
LaTeX Font Info:    Trying to load font information for T1+cmss on input line 52.
 (/usr/share/texlive/texmf-dist/tex/latex/base/t1cmss.fd
File: t1cmss.fd 2019/12/16 v2.5j Standard LaTeX font definitions
) (/usr/share/texlive/texmf-dist/tex/latex/l3backend/l3backend-pdftex.def
File: l3backend-pdftex.def 2022-01-12 L3 backend support: PDF output (pdfTeX)
\l__color_backend_stack_int=\count301
\l__pdf_internal_box=\box57
) (./FirstVersion.aux)
\openout1 = `FirstVersion.aux'.

LaTeX Font Info:    Checking defaults for OML/cmm/m/it on input line 52.
LaTeX Font Info:    ... okay on input line 52.
LaTeX Font Info:    Checking defaults for OMS/cmsy/m/n on input line 52.
LaTeX Font Info:    ... okay on input line 52.
LaTeX Font Info:    Checking defaults for OT1/cmr/m/n on input line 52.
LaTeX Font Info:    ... okay on input line 52.
LaTeX Font Info:    Checking defaults for T1/cmr/m/n on input line 52.
LaTeX Font Info:    ... okay on input line 52.
LaTeX Font Info:    Checking defaults for TS1/cmr/m/n on input line 52.
LaTeX Font Info:    ... okay on input line 52.
LaTeX Font Info:    Checking defaults for OMX/cmex/m/n on input line 52.
LaTeX Font Info:    ... okay on input line 52.
LaTeX Font Info:    Checking defaults for U/cmr/m/n on input line 52.
LaTeX Font Info:    ... okay on input line 52.
LaTeX Font Info:    Checking defaults for PD1/pdf/m/n on input line 52.
LaTeX Font Info:    ... okay on input line 52.
LaTeX Font Info:    Checking defaults for PU/pdf/m/n on input line 52.
LaTeX Font Info:    ... okay on input line 52.
 (/usr/share/texlive/texmf-dist/tex/context/base/mkii/supp-pdf.mkii
[Loading MPS to PDF converter (version 2006.09.02).]
\scratchcounter=\count302
\scratchdimen=\dimen191
\scratchbox=\box58
\nofMPsegments=\count303
\nofMParguments=\count304
\everyMPshowfont=\toks29
\MPscratchCnt=\count305
\MPscratchDim=\dimen192
\MPnumerator=\count306
\makeMPintoPDFobject=\count307
\everyMPtoPDFconversion=\toks30
) (/usr/share/texlive/texmf-dist/tex/latex/epstopdf-pkg/epstopdf-base.sty
Package: epstopdf-base 2020-01-24 v2.11 Base part for package epstopdf
Package epstopdf-base Info: Redefining graphics rule for `.eps' on input line 485.
 (/usr/share/texlive/texmf-dist/tex/latex/latexconfig/epstopdf-sys.cfg
File: epstopdf-sys.cfg 2010/07/13 v1.3 Configuration of (r)epstopdf for TeX Live
))
Package hyperref Info: Link coloring OFF on input line 52.
 (/usr/share/texlive/texmf-dist/tex/latex/hyperref/nameref.sty
Package: nameref 2021-04-02 v2.47 Cross-referencing by name of section
 (/usr/share/texlive/texmf-dist/tex/latex/refcount/refcount.sty
Package: refcount 2019/12/15 v3.6 Data extraction from label references (HO)
) (/usr/share/texlive/texmf-dist/tex/generic/gettitlestring/gettitlestring.sty
Package: gettitlestring 2019/12/15 v1.6 Cleanup title references (HO)
)
\c@section@level=\count308
)
LaTeX Info: Redefining \ref on input line 52.
LaTeX Info: Redefining \pageref on input line 52.
LaTeX Info: Redefining \nameref on input line 52.
 (./FirstVersion.out) (./FirstVersion.out)
\@outlinefile=\write3
\openout3 = `FirstVersion.out'.

\c@lstlisting=\count309

*geometry* driver: auto-detecting
*geometry* detected driver: pdftex
*geometry* verbose mode - [ preamble ] result:
* driver: pdftex
* paper: a4paper
* layout: <same size as paper>
* layoutoffset:(h,v)=(0.0pt,0.0pt)
* modes: 
* h-part:(L,W,R)=(90.3375pt, 416.83289pt, 90.3375pt)
* v-part:(T,H,B)=(72.26999pt, 700.50687pt, 72.26999pt)
* \paperwidth=597.50787pt
* \paperheight=845.04684pt
* \textwidth=416.83289pt
* \textheight=700.50687pt
* \oddsidemargin=18.0675pt
* \evensidemargin=18.0675pt
* \topmargin=-37.0pt
* \headheight=12.0pt
* \headsep=25.0pt
* \topskip=11.0pt
* \footskip=30.0pt
* \marginparwidth=50.0pt
* \marginparsep=10.0pt
* \columnsep=10.0pt
* \skip\footins=10.0pt plus 4.0pt minus 2.0pt
* \hoffset=0.0pt
* \voffset=0.0pt
* \mag=1000
* \@twocolumnfalse
* \@twosidefalse
* \@mparswitchfalse
* \@reversemarginfalse
* (1in=72.27pt=25.4mm, 1cm=28.453pt)

Package caption Info: Begin \AtBeginDocument code.
Package caption Info: End \AtBeginDocument code.
LaTeX Font Info:    Trying to load font information for U+msa on input line 55.
(/usr/share/texlive/texmf-dist/tex/latex/amsfonts/umsa.fd
File: umsa.fd 2013/01/14 v3.01 AMS symbols A
)
LaTeX Font Info:    Trying to load font information for U+msb on input line 55.
 (/usr/share/texlive/texmf-dist/tex/latex/amsfonts/umsb.fd
File: umsb.fd 2013/01/14 v3.01 AMS symbols B
) [1



pdfTeX warning: pdflatex (file pdftex.map): cannot open font map file
] (./FirstVersion.tocpdfTeX warning (ext4): destination with the same identifier (name{page.1}) has been already used, duplicate ignored
<to be read again> 
                   \relax 
l.25 ...line {4.2.6}Control}{25}{subsection.4.2.6}
                                                  % [1

] [2])
\tf@toc=\write4
\openout4 = `FirstVersion.toc'.

 [3]
LaTeX Font Info:    Trying to load font information for TS1+cmss on input line 61.
 (/usr/share/texlive/texmf-dist/tex/latex/base/ts1cmss.fd
File: ts1cmss.fd 2019/12/16 v2.5j Standard LaTeX font definitions
) [4

] [5] [6

]
Overfull \hbox (2.87874pt too wide) in paragraph at lines 109--110
[]\T1/cmss/m/n/10.95 My heart-felt thanks also go to the en-tire \T1/cmss/bx/n/10.95 Ox-ford Brookes Rac-ing Au-tonomous (OBRA)
 []

[7

]
Chapter 1.
[8

] [9]
Overfull \hbox (2.9098pt too wide) in paragraph at lines 166--167
[]\T1/cmss/m/n/10.95 RRT* ^^U An en-hanced Rapidly-exploring Ran-dom Tree al-go-rithm that gen-er-ates smoother
 []

[10]
Chapter 2.
[11

] [12] [13] [14] [15] [16]
Chapter 3.
[17

] [18]
Chapter 4.
[19

]
<Images/SoftwareArchitecture.png, id=540, 1027.84pt x 545.03625pt>
File: Images/SoftwareArchitecture.png Graphic file (type png)
<use Images/SoftwareArchitecture.png>
Package pdftex.def Info: Images/SoftwareArchitecture.png  used on input line 330.
(pdftex.def)             Requested size: 395.98996pt x 209.98514pt.
 [20 <./Images/SoftwareArchitecture.png>]
LaTeX Font Info:    Trying to load font information for T1+cmtt on input line 339.
 (/usr/share/texlive/texmf-dist/tex/latex/base/t1cmtt.fd
File: t1cmtt.fd 2019/12/16 v2.5j Standard LaTeX font definitions
)
<Images/wsgraph.png, id=549, 1898.09125pt x 634.37pt>
File: Images/wsgraph.png Graphic file (type png)
<use Images/wsgraph.png>
Package pdftex.def Info: Images/wsgraph.png  used on input line 347.
(pdftex.def)             Requested size: 416.83289pt x 139.31015pt.

Overfull \hbox (0.63547pt too wide) in paragraph at lines 356--357
\T1/cmtt/m/n/10.95 /lapcount\T1/cmss/m/n/10.95 . Ad-di-tion-ally, the GPS mod-ule han-dles lo-cal-iza-tion data through \T1/cmtt/m/n/10.95 /gps/lapcount\T1/cmss/m/n/10.95 ,
 []

[21 <./Images/wsgraph.png>] [22] [23] [24] [25] [26] [27]
Chapter 5.
<Images/local_planner.png, id=583, 1604.99625pt x 458.71375pt>
File: Images/local_planner.png Graphic file (type png)
<use Images/local_planner.png>
Package pdftex.def Info: Images/local_planner.png  used on input line 441.
(pdftex.def)             Requested size: 416.83289pt x 119.12976pt.
[28

 <./Images/local_planner.png (PNG copy)>]
Overfull \hbox (18.86168pt too wide) in paragraph at lines 467--467
[]    \T1/cmtt/m/n/10.95 if count_blue > 0 and count_yellow > 0 and count_blue + count_yellow > 2:[] 
 []


Overfull \hbox (18.86168pt too wide) in paragraph at lines 467--467
[]        \T1/cmtt/m/n/10.95 self.state = RRTStarState(self)  # Selects RRT* for complex scenarios[] 
 []


Overfull \hbox (115.05399pt too wide) in paragraph at lines 504--504
[]            \T1/cmtt/m/n/10.95 if not hasattr(self.context, "car_position") or self.context.car_position is None:[] 
 []

[29]
Overfull \hbox (7.54494pt too wide) in paragraph at lines 504--504
[]            \T1/cmtt/m/n/10.95 cones_blue = cones_to_tuple_list(self.context.local_track.blue)[] 
 []


Overfull \hbox (30.17842pt too wide) in paragraph at lines 504--504
[]            \T1/cmtt/m/n/10.95 cones_yellow = cones_to_tuple_list(self.context.local_track.yellow)[] 
 []


Overfull \hbox (194.27118pt too wide) in paragraph at lines 504--504
[]            \T1/cmtt/m/n/10.95 path = rrt_planner.plan_path(start=self.context.car_position, goal=self.context.target_position)[] 
 []


Overfull \hbox (47.15353pt too wide) in paragraph at lines 504--504
[]                \T1/cmtt/m/n/10.95 print("Warning: RRT* did not find a path, using last known path.")[] 
 []

[30]
<Images/delaunay.png, id=599, 718.685pt x 523.9575pt>
File: Images/delaunay.png Graphic file (type png)
<use Images/delaunay.png>
Package pdftex.def Info: Images/delaunay.png  used on input line 529.
(pdftex.def)             Requested size: 416.83289pt x 303.89555pt.


LaTeX Warning: `h' float specifier changed to `ht'.

[31]
Overfull \hbox (81.10376pt too wide) in paragraph at lines 547--547
[]                \T1/cmtt/m/n/10.95 if self.get_cone_color(cone_idx) != self.get_cone_color(other_cone_idx):[] 
 []


Overfull \hbox (52.8119pt too wide) in paragraph at lines 557--557
[]    \T1/cmtt/m/n/10.95 return math.hypot(position_1[0] - position_2[0], position_1[1] - position_2[1])[] 
 []

[32 <./Images/delaunay.png (PNG copy)>]
Overfull \hbox (35.83679pt too wide) in paragraph at lines 577--577
[]                \T1/cmtt/m/n/10.95 if get_distance_between(cone, next_cone) < MAX_CLUSTER_DISTANCE:[] 
 []


Overfull \hbox (1.88657pt too wide) in paragraph at lines 577--577
[]                    \T1/cmtt/m/n/10.95 cones_to_cluster.append(get_midpoint(cone, next_cone))[] 
 []

[33]
Overfull \hbox (74.41118pt too wide) in paragraph at lines 620--637
 [][] 
 []

<Images/rrt.png, id=616, 997.7275pt x 382.42876pt>
File: Images/rrt.png Graphic file (type png)
<use Images/rrt.png>
Package pdftex.def Info: Images/rrt.png  used on input line 645.
(pdftex.def)             Requested size: 416.83289pt x 159.77284pt.
[34] [35 <./Images/rrt.png (PNG copy)>]
Overfull \hbox (81.10376pt too wide) in paragraph at lines 675--675
[]\T1/cmtt/m/n/10.95 track_center_x = (np.mean(self.blue_cones[:, 0]) + np.mean(self.yellow_cones[:, 0])) / 2[] 
 []


Overfull \hbox (81.10376pt too wide) in paragraph at lines 675--675
[]\T1/cmtt/m/n/10.95 track_center_y = (np.mean(self.blue_cones[:, 1]) + np.mean(self.yellow_cones[:, 1])) / 2[] 
 []


Overfull \hbox (13.20331pt too wide) in paragraph at lines 675--675
[]\T1/cmtt/m/n/10.95 random_point = random_point * (1 - bias_factor) + track_center * bias_factor[] 
 []


Overfull \hbox (194.27118pt too wide) in paragraph at lines 682--682
[]\T1/cmtt/m/n/10.95 random_point += shift_distance * (random_point - track_center) / np.linalg.norm(random_point - track_center)[] 
 []

[36]

Package hyperref Warning: The anchor of a bookmark and its parent's must not
(hyperref)                be the same. Added a new anchor on input line 689.


Overfull \hbox (58.47028pt too wide) in paragraph at lines 700--700
[]    \T1/cmtt/m/n/10.95 Generates a new node in the direction of `random_point`, limited by `step_size`.[] 
 []


Overfull \hbox (98.07887pt too wide) in paragraph at lines 700--700
[]    \T1/cmtt/m/n/10.95 direction = (random_point - nearest_node) / np.linalg.norm(random_point - nearest_node)[] 
 []

[37]
Overfull \hbox (86.76213pt too wide) in paragraph at lines 745--745
[]    \T1/cmtt/m/n/10.95 tck, u = splprep([path[:, 0], path[:, 1]], s=smoothing_factor, k=min(3, len(path)-1))[] 
 []

[38] [39] [40] [41]
Chapter 6.
[42

] [43]
Chapter 7.

Overfull \hbox (7.12334pt too wide) in paragraph at lines 838--839
[]\T1/cmss/m/n/10.95 This stan-dard-ized setup en-sured that all plan-ners op-er-ated un-der iden-ti-cal con-di-tions^^Vsame
 []

[44

] [45]
<Images/lap_time_table_plot_colored.png, id=670, 715.473pt x 426.393pt>
File: Images/lap_time_table_plot_colored.png Graphic file (type png)
<use Images/lap_time_table_plot_colored.png>
Package pdftex.def Info: Images/lap_time_table_plot_colored.png  used on input line 885.
(pdftex.def)             Requested size: 375.14705pt x 223.5669pt.
 [46 <./Images/lap_time_table_plot_colored.png>] [47]
<Images/Track.png, id=685, 979.66pt x 800.9925pt>
File: Images/Track.png Graphic file (type png)
<use Images/Track.png>
Package pdftex.def Info: Images/Track.png  used on input line 955.
(pdftex.def)             Requested size: 354.31049pt x 289.68929pt.
 [48]
<Images/Laptimecomparaison.png, id=692, 570.933pt x 426.393pt>
File: Images/Laptimecomparaison.png Graphic file (type png)
<use Images/Laptimecomparaison.png>
Package pdftex.def Info: Images/Laptimecomparaison.png  used on input line 969.
(pdftex.def)             Requested size: 395.98996pt x 295.74695pt.
 [49 <./Images/Track.png>]
<Images/Laptimedistribution.png, id=698, 715.11165pt x 426.393pt>
File: Images/Laptimedistribution.png Graphic file (type png)
<use Images/Laptimedistribution.png>
Package pdftex.def Info: Images/Laptimedistribution.png  used on input line 979.
(pdftex.def)             Requested size: 375.14705pt x 223.684pt.
 [50 <./Images/Laptimecomparaison.png>]
<Images/RRTvsDELAUNAY.png, id=706, 715.11165pt x 426.393pt>
File: Images/RRTvsDELAUNAY.png Graphic file (type png)
<use Images/RRTvsDELAUNAY.png>
Package pdftex.def Info: Images/RRTvsDELAUNAY.png  used on input line 987.
(pdftex.def)             Requested size: 375.14705pt x 223.684pt.
 [51 <./Images/Laptimedistribution.png> <./Images/RRTvsDELAUNAY.png>]

LaTeX Warning: Reference `fig:modular_diagram' on page 52 undefined on input line 1000.

[52] [53]
Chapter 8.
[54

]
Chapter 9.
[55

]
Chapter 10.
[56

] [57

]
Chapter 11.
[58

] (./FirstVersion.aux)

LaTeX Warning: There were undefined references.

Package rerunfilecheck Info: File `FirstVersion.out' has not changed.
(rerunfilecheck)             Checksum: B593A0F5760018C737CB61FF4F6AD0FD;16195.
 ) 
Here is how much of TeX's memory you used:
 13859 strings out of 480247
 216680 string characters out of 5896151
 506009 words of memory out of 5000000
 31442 multiletter control sequences out of 15000+600000
 487808 words of font info for 75 fonts, out of 8000000 for 9000
 14 hyphenation exceptions out of 8191
 60i,10n,63p,1446b,470s stack positions out of 5000i,500n,10000p,200000b,80000s
 </home/ubunturodri/.texlive2021/texmf-var/fonts/pk/ljfour/public/cm/cmr10.657pk> </home/ubunturodri/.texlive2021/texmf-var/fonts/pk/ljfour/public/cm/cmmi10.657pk> </home/ubunturodri/.texlive2021/texmf-var/fonts/pk/ljfour/jknappen/ec/ectt1095.600pk> </home/ubunturodri/.texlive2021/texmf-var/fonts/pk/ljfour/jknappen/ec/ecsx1000.600pk> </home/ubunturodri/.texlive2021/texmf-var/fonts/pk/ljfour/jknappen/ec/ecsx1200.600pk> </home/ubunturodri/.texlive2021/texmf-var/fonts/pk/ljfour/jknappen/ec/ecsx1440.600pk> </home/ubunturodri/.texlive2021/texmf-var/fonts/pk/ljfour/jknappen/ec/ecss1000.600pk> </home/ubunturodri/.texlive2021/texmf-var/fonts/pk/ljfour/jknappen/ec/tcss1095.600pk> </home/ubunturodri/.texlive2021/texmf-var/fonts/pk/ljfour/jknappen/ec/ecss1095.600pk> </home/ubunturodri/.texlive2021/texmf-var/fonts/pk/ljfour/jknappen/ec/ecsx1095.600pk> </home/ubunturodri/.texlive2021/texmf-var/fonts/pk/ljfour/jknappen/ec/ecsx2074.600pk> </home/ubunturodri/.texlive2021/texmf-var/fonts/pk/ljfour/jknappen/ec/ecss1200.600pk> </home/ubunturodri/.texlive2021/texmf-var/fonts/pk/ljfour/jknappen/ec/ecsx1728.600pk>
Output written on FirstVersion.pdf (59 pages, 1253587 bytes).
PDF statistics:
 1405 PDF objects out of 1440 (max. 8388607)
 750 compressed objects within 8 object streams
 169 named destinations out of 1000 (max. 500000)
 731 words of extra memory for PDF output out of 10000 (max. 10000000)

